Unhandled Runtime Error

ReferenceError: Select is not defined

Source
src\app\pricing\pricingClient.tsx (160:14) @ Select

  158 |
  159 |           <div className="mt-6 flex flex-wrap items-center justify-center gap-3">
> 160 |             <Select
      |              ^
  161 |               aria-label="Currency"
  162 |               value={currency}
  163 |               onChange={(e) => setCurrency(e.target.value as Currency)}
Call Stack
Next.js
react-stack-bottom-frame
./node_modules/next/dist/compiled/react-dom/cjs/react-dom-client.development.js
renderWithHooks
./node_modules/next/dist/compiled/react-dom/cjs/react-dom-client.development.js
updateFunctionComponent
./node_modules/next/dist/compiled/react-dom/cjs/react-dom-client.development.js
beginWork
./node_modules/next/dist/compiled/react-dom/cjs/react-dom-client.development.js
runWithFiberInDEV
./node_modules/next/dist/compiled/react-dom/cjs/react-dom-client.development.js
performUnitOfWork
./node_modules/next/dist/compiled/react-dom/cjs/react-dom-client.development.js
workLoopSync
./node_modules/next/dist/compiled/react-dom/cjs/react-dom-client.development.js
renderRootSync
./node_modules/next/dist/compiled/react-dom/cjs/react-dom-client.development.js
performWorkOnRoot
./node_modules/next/dist/compiled/react-dom/cjs/react-dom-client.development.js
performWorkOnRootViaSchedulerTask
./node_modules/next/dist/compiled/react-dom/cjs/react-dom-client.development.js
MessagePort.performWorkUntilDeadline
./node_modules/next/dist/compiled/scheduler/cjs/scheduler.development.js